<?xml version="1.0" encoding="UTF-8"?>
<!-- Generated by org.testng.reporters.JUnitReportReporter -->
<testsuite skipped="0" hostname="DESKTOP-TB2GLL5" name="com.api.rnd.SampleTest" tests="3" failures="0" timestamp="26 Jun 2019 10:21:51 GMT" time="4.456" errors="0">
  <testcase name="deleteTweet" time="0.656" classname="com.api.rnd.SampleTest"/>
  <testcase name="createTweet" time="3.131" classname="com.api.rnd.SampleTest"/>
  <testcase name="getLastTweet" time="0.669" classname="com.api.rnd.SampleTest"/>
</testsuite> <!-- com.api.rnd.SampleTest -->
